Started GET "/" for ::1 at 2022-03-05 13:40:31 +0900
Processing by Rails::WelcomeController#index as HTML
  Rendering /home/kameme/.rbenv/versions/2.7.3/lib/ruby/gems/2.7.0/gems/railties-5.2.6.2/lib/rails/templates/rails/welcome/index.html.erb
  Rendered /home/kameme/.rbenv/versions/2.7.3/lib/ruby/gems/2.7.0/gems/railties-5.2.6.2/lib/rails/templates/rails/welcome/index.html.erb (3.0ms)
Completed 200 OK in 15ms (Views: 8.9ms | ActiveRecord: 0.0ms)


Started GET "/" for ::1 at 2022-03-05 13:41:45 +0900
Processing by ApplicationController#hello as HTML
  Rendering html template
  Rendered html template (0.0ms)
Completed 200 OK in 3ms (Views: 2.1ms | ActiveRecord: 0.0ms)


Started GET "/" for ::1 at 2022-03-05 14:35:39 +0900
Processing by ApplicationController#hello as HTML
  Rendering html template
  Rendered html template (0.0ms)
Completed 200 OK in 3ms (Views: 0.8ms | ActiveRecord: 0.0ms)


Started GET "/" for ::1 at 2022-03-05 14:36:26 +0900
Processing by ApplicationController#hello as HTML
  Rendering html template
  Rendered html template (0.1ms)
Completed 200 OK in 11ms (Views: 1.2ms | ActiveRecord: 0.0ms)


Started GET "/" for ::1 at 2022-03-05 16:44:37 +0900
Processing by ApplicationController#hello as HTML
  Rendering html template
  Rendered html template (0.0ms)
Completed 200 OK in 9ms (Views: 4.6ms | ActiveRecord: 0.0ms)


Started GET "/home" for ::1 at 2022-03-05 16:44:47 +0900
  
ActionController::RoutingError (No route matches [GET] "/home"):
  
actionpack (5.2.6.2) lib/action_dispatch/middleware/debug_exceptions.rb:65:in `call'
web-console (3.7.0) lib/web_console/middleware.rb:135:in `call_app'
web-console (3.7.0) lib/web_console/middleware.rb:30:in `block in call'
web-console (3.7.0) lib/web_console/middleware.rb:20:in `catch'
web-console (3.7.0) lib/web_console/middleware.rb:20:in `call'
actionpack (5.2.6.2) lib/action_dispatch/middleware/show_exceptions.rb:33:in `call'
railties (5.2.6.2) lib/rails/rack/logger.rb:38:in `call_app'
railties (5.2.6.2) lib/rails/rack/logger.rb:26:in `block in call'
activesupport (5.2.6.2) lib/active_support/tagged_logging.rb:71:in `block in tagged'
activesupport (5.2.6.2) lib/active_support/tagged_logging.rb:28:in `tagged'
activesupport (5.2.6.2) lib/active_support/tagged_logging.rb:71:in `tagged'
railties (5.2.6.2) lib/rails/rack/logger.rb:26:in `call'
sprockets-rails (3.4.2) lib/sprockets/rails/quiet_assets.rb:13:in `call'
actionpack (5.2.6.2) lib/action_dispatch/middleware/remote_ip.rb:81:in `call'
actionpack (5.2.6.2) lib/action_dispatch/middleware/request_id.rb:27:in `call'
rack (2.2.3) lib/rack/method_override.rb:24:in `call'
rack (2.2.3) lib/rack/runtime.rb:22:in `call'
activesupport (5.2.6.2) lib/active_support/cache/strategy/local_cache_middleware.rb:29:in `call'
actionpack (5.2.6.2) lib/action_dispatch/middleware/executor.rb:14:in `call'
actionpack (5.2.6.2) lib/action_dispatch/middleware/static.rb:127:in `call'
rack (2.2.3) lib/rack/sendfile.rb:110:in `call'
railties (5.2.6.2) lib/rails/engine.rb:524:in `call'
puma (3.12.6) lib/puma/configuration.rb:227:in `call'
puma (3.12.6) lib/puma/server.rb:706:in `handle_request'
puma (3.12.6) lib/puma/server.rb:476:in `process_client'
puma (3.12.6) lib/puma/server.rb:334:in `block in run'
puma (3.12.6) lib/puma/thread_pool.rb:135:in `block in spawn_thread'
Started GET "/static_pages/home" for ::1 at 2022-03-05 16:45:07 +0900
Processing by StaticPagesController#home as HTML
  Rendering static_pages/home.html.erb within layouts/application
  Rendered static_pages/home.html.erb within layouts/application (0.2ms)
Completed 200 OK in 624ms (Views: 622.8ms | ActiveRecord: 0.0ms)


Started GET "/static_pages/about" for ::1 at 2022-03-05 17:02:17 +0900
Processing by StaticPagesController#about as HTML
  Rendering static_pages/about.html.erb within layouts/application
  Rendered static_pages/about.html.erb within layouts/application (0.2ms)
Completed 200 OK in 13ms (Views: 12.3ms | ActiveRecord: 0.0ms)


Started GET "/static_pages" for ::1 at 2022-03-05 17:24:02 +0900
  
ActionController::RoutingError (No route matches [GET] "/static_pages"):
  
actionpack (5.2.6.2) lib/action_dispatch/middleware/debug_exceptions.rb:65:in `call'
web-console (3.7.0) lib/web_console/middleware.rb:135:in `call_app'
web-console (3.7.0) lib/web_console/middleware.rb:30:in `block in call'
web-console (3.7.0) lib/web_console/middleware.rb:20:in `catch'
web-console (3.7.0) lib/web_console/middleware.rb:20:in `call'
actionpack (5.2.6.2) lib/action_dispatch/middleware/show_exceptions.rb:33:in `call'
railties (5.2.6.2) lib/rails/rack/logger.rb:38:in `call_app'
railties (5.2.6.2) lib/rails/rack/logger.rb:26:in `block in call'
activesupport (5.2.6.2) lib/active_support/tagged_logging.rb:71:in `block in tagged'
activesupport (5.2.6.2) lib/active_support/tagged_logging.rb:28:in `tagged'
activesupport (5.2.6.2) lib/active_support/tagged_logging.rb:71:in `tagged'
railties (5.2.6.2) lib/rails/rack/logger.rb:26:in `call'
sprockets-rails (3.4.2) lib/sprockets/rails/quiet_assets.rb:13:in `call'
actionpack (5.2.6.2) lib/action_dispatch/middleware/remote_ip.rb:81:in `call'
actionpack (5.2.6.2) lib/action_dispatch/middleware/request_id.rb:27:in `call'
rack (2.2.3) lib/rack/method_override.rb:24:in `call'
rack (2.2.3) lib/rack/runtime.rb:22:in `call'
activesupport (5.2.6.2) lib/active_support/cache/strategy/local_cache_middleware.rb:29:in `call'
actionpack (5.2.6.2) lib/action_dispatch/middleware/executor.rb:14:in `call'
actionpack (5.2.6.2) lib/action_dispatch/middleware/static.rb:127:in `call'
rack (2.2.3) lib/rack/sendfile.rb:110:in `call'
railties (5.2.6.2) lib/rails/engine.rb:524:in `call'
puma (3.12.6) lib/puma/configuration.rb:227:in `call'
puma (3.12.6) lib/puma/server.rb:706:in `handle_request'
puma (3.12.6) lib/puma/server.rb:476:in `process_client'
puma (3.12.6) lib/puma/server.rb:334:in `block in run'
puma (3.12.6) lib/puma/thread_pool.rb:135:in `block in spawn_thread'
Started GET "/static_pages/home" for ::1 at 2022-03-05 17:24:12 +0900
Processing by StaticPagesController#home as HTML
  Rendering static_pages/home.html.erb within layouts/application
  Rendered static_pages/home.html.erb within layouts/application (0.4ms)
Completed 200 OK in 15ms (Views: 14.1ms | ActiveRecord: 0.0ms)


Started GET "/" for ::1 at 2022-03-05 17:26:14 +0900
  
ArgumentError (Missing :controller key on routes definition, please check your routes.):
  
config/routes.rb:2:in `block in <main>'
config/routes.rb:1:in `<main>'
Started GET "/" for ::1 at 2022-03-05 17:26:37 +0900
Processing by StaticPagesController#home as HTML
  Rendering static_pages/home.html.erb within layouts/application
  Rendered static_pages/home.html.erb within layouts/application (0.3ms)
Completed 200 OK in 12ms (Views: 10.5ms | ActiveRecord: 0.0ms)


Started GET "/" for ::1 at 2022-03-06 12:58:28 +0900
Processing by StaticPagesController#home as HTML
  Rendering static_pages/home.html.erb within layouts/application
  Rendered static_pages/home.html.erb within layouts/application (166.2ms)
Completed 200 OK in 195ms (Views: 190.6ms | ActiveRecord: 0.0ms)


Started GET "/" for ::1 at 2022-03-06 13:03:03 +0900
Processing by StaticPagesController#home as HTML
  Rendering static_pages/home.html.erb within layouts/application
  Rendered static_pages/home.html.erb within layouts/application (0.5ms)
Completed 500 Internal Server Error in 2ms (ActiveRecord: 0.0ms)


  
SyntaxError (/home/kameme/rails_tutorial/app/views/static_pages/home.html.erb:14: syntax error, unexpected local variable or method, expecting `do' or '{' or '('
    link_to image_tag("kitten.jpg", alt: "にゃ...
            ^~~~~~~~~
/home/kameme/rails_tutorial/app/views/static_pages/home.html.erb:14: syntax error, unexpected ',', expecting ')'
...ten.jpg", alt: "にゃんこ"),
...                              ^
):
  
app/views/static_pages/home.html.erb:14: syntax error, unexpected local variable or method, expecting `do' or '{' or '('
app/views/static_pages/home.html.erb:14: syntax error, unexpected ',', expecting ')'
Started GET "/" for ::1 at 2022-03-06 13:03:51 +0900
Processing by StaticPagesController#home as HTML
  Rendering static_pages/home.html.erb within layouts/application
  Rendered static_pages/home.html.erb within layouts/application (1.7ms)
Completed 200 OK in 32ms (Views: 31.0ms | ActiveRecord: 0.0ms)


Started GET "/" for ::1 at 2022-03-06 13:04:16 +0900
Processing by StaticPagesController#home as HTML
  Rendering static_pages/home.html.erb within layouts/application
  Rendered static_pages/home.html.erb within layouts/application (21.6ms)
Completed 200 OK in 37ms (Views: 35.4ms | ActiveRecord: 0.0ms)


Started GET "/" for ::1 at 2022-03-06 13:10:37 +0900
Processing by StaticPagesController#home as HTML
  Rendering static_pages/home.html.erb within layouts/application
  Rendered static_pages/home.html.erb within layouts/application (2.5ms)
Completed 500 Internal Server Error in 14ms (ActiveRecord: 0.0ms)


  
ActionView::Template::Error (File to import not found or unreadable: bootstrap-sprockets.
Load paths:
  /home/kameme/rails_tutorial/app/assets/config
  /home/kameme/rails_tutorial/app/assets/images
  /home/kameme/rails_tutorial/app/assets/javascripts
  /home/kameme/rails_tutorial/app/assets/stylesheets
  /home/kameme/.rbenv/versions/2.7.3/lib/ruby/gems/2.7.0/gems/coffee-rails-4.2.2/lib/assets/javascripts
  /home/kameme/.rbenv/versions/2.7.3/lib/ruby/gems/2.7.0/gems/actioncable-5.2.6.2/lib/assets/compiled
  /home/kameme/.rbenv/versions/2.7.3/lib/ruby/gems/2.7.0/gems/activestorage-5.2.6.2/app/assets/javascripts
  /home/kameme/.rbenv/versions/2.7.3/lib/ruby/gems/2.7.0/gems/actionview-5.2.6.2/lib/assets/compiled
  /home/kameme/.rbenv/versions/2.7.3/lib/ruby/gems/2.7.0/gems/turbolinks-source-5.2.0/lib/assets/javascripts
  /home/kameme/rails_tutorial/node_modules):
     5:     <%= csrf_meta_tags %>
     6:     <%= csp_meta_tag %>
     7: 
     8:     <%= stylesheet_link_tag    'application', media: 'all', 'data-turbolinks-track': 'reload' %>
     9:     <%= javascript_include_tag 'application', 'data-turbolinks-track': 'reload' %>
    10:   </head>
    11: 
  
app/assets/stylesheets/custom.scss:1
app/views/layouts/application.html.erb:8:in `_app_views_layouts_application_html_erb___1241369493247066760_12980'
Started GET "/" for ::1 at 2022-03-06 13:14:11 +0900
Processing by StaticPagesController#home as HTML
  Rendering static_pages/home.html.erb within layouts/application
  Rendered static_pages/home.html.erb within layouts/application (1.9ms)
Completed 500 Internal Server Error in 13ms (ActiveRecord: 0.0ms)


  
ActionView::Template::Error (File to import not found or unreadable: bootstrap-sprockets.
Load paths:
  /home/kameme/rails_tutorial/app/assets/config
  /home/kameme/rails_tutorial/app/assets/images
  /home/kameme/rails_tutorial/app/assets/javascripts
  /home/kameme/rails_tutorial/app/assets/stylesheets
  /home/kameme/.rbenv/versions/2.7.3/lib/ruby/gems/2.7.0/gems/coffee-rails-4.2.2/lib/assets/javascripts
  /home/kameme/.rbenv/versions/2.7.3/lib/ruby/gems/2.7.0/gems/actioncable-5.2.6.2/lib/assets/compiled
  /home/kameme/.rbenv/versions/2.7.3/lib/ruby/gems/2.7.0/gems/activestorage-5.2.6.2/app/assets/javascripts
  /home/kameme/.rbenv/versions/2.7.3/lib/ruby/gems/2.7.0/gems/actionview-5.2.6.2/lib/assets/compiled
  /home/kameme/.rbenv/versions/2.7.3/lib/ruby/gems/2.7.0/gems/turbolinks-source-5.2.0/lib/assets/javascripts
  /home/kameme/rails_tutorial/node_modules):
     5:     <%= csrf_meta_tags %>
     6:     <%= csp_meta_tag %>
     7: 
     8:     <%= stylesheet_link_tag    'application', media: 'all', 'data-turbolinks-track': 'reload' %>
     9:     <%= javascript_include_tag 'application', 'data-turbolinks-track': 'reload' %>
    10:   </head>
    11: 
  
app/assets/stylesheets/custom.scss:1
app/views/layouts/application.html.erb:8:in `_app_views_layouts_application_html_erb___1241369493247066760_13520'
Started GET "/" for ::1 at 2022-03-06 13:14:13 +0900
Processing by StaticPagesController#home as HTML
  Rendering static_pages/home.html.erb within layouts/application
  Rendered static_pages/home.html.erb within layouts/application (2.0ms)
Completed 500 Internal Server Error in 12ms (ActiveRecord: 0.0ms)


  
ActionView::Template::Error (File to import not found or unreadable: bootstrap-sprockets.
Load paths:
  /home/kameme/rails_tutorial/app/assets/config
  /home/kameme/rails_tutorial/app/assets/images
  /home/kameme/rails_tutorial/app/assets/javascripts
  /home/kameme/rails_tutorial/app/assets/stylesheets
  /home/kameme/.rbenv/versions/2.7.3/lib/ruby/gems/2.7.0/gems/coffee-rails-4.2.2/lib/assets/javascripts
  /home/kameme/.rbenv/versions/2.7.3/lib/ruby/gems/2.7.0/gems/actioncable-5.2.6.2/lib/assets/compiled
  /home/kameme/.rbenv/versions/2.7.3/lib/ruby/gems/2.7.0/gems/activestorage-5.2.6.2/app/assets/javascripts
  /home/kameme/.rbenv/versions/2.7.3/lib/ruby/gems/2.7.0/gems/actionview-5.2.6.2/lib/assets/compiled
  /home/kameme/.rbenv/versions/2.7.3/lib/ruby/gems/2.7.0/gems/turbolinks-source-5.2.0/lib/assets/javascripts
  /home/kameme/rails_tutorial/node_modules):
     5:     <%= csrf_meta_tags %>
     6:     <%= csp_meta_tag %>
     7: 
     8:     <%= stylesheet_link_tag    'application', media: 'all', 'data-turbolinks-track': 'reload' %>
     9:     <%= javascript_include_tag 'application', 'data-turbolinks-track': 'reload' %>
    10:   </head>
    11: 
  
app/assets/stylesheets/custom.scss:1
app/views/layouts/application.html.erb:8:in `_app_views_layouts_application_html_erb___1241369493247066760_14100'
Started GET "/" for ::1 at 2022-03-06 13:15:05 +0900
Processing by StaticPagesController#home as HTML
  Rendering static_pages/home.html.erb within layouts/application
  Rendered static_pages/home.html.erb within layouts/application (2.0ms)
Completed 500 Internal Server Error in 14ms (ActiveRecord: 0.0ms)


  
ActionView::Template::Error (File to import not found or unreadable: bootstrap-sprockets.
Load paths:
  /home/kameme/rails_tutorial/app/assets/config
  /home/kameme/rails_tutorial/app/assets/images
  /home/kameme/rails_tutorial/app/assets/javascripts
  /home/kameme/rails_tutorial/app/assets/stylesheets
  /home/kameme/.rbenv/versions/2.7.3/lib/ruby/gems/2.7.0/gems/coffee-rails-4.2.2/lib/assets/javascripts
  /home/kameme/.rbenv/versions/2.7.3/lib/ruby/gems/2.7.0/gems/actioncable-5.2.6.2/lib/assets/compiled
  /home/kameme/.rbenv/versions/2.7.3/lib/ruby/gems/2.7.0/gems/activestorage-5.2.6.2/app/assets/javascripts
  /home/kameme/.rbenv/versions/2.7.3/lib/ruby/gems/2.7.0/gems/actionview-5.2.6.2/lib/assets/compiled
  /home/kameme/.rbenv/versions/2.7.3/lib/ruby/gems/2.7.0/gems/turbolinks-source-5.2.0/lib/assets/javascripts
  /home/kameme/rails_tutorial/node_modules):
     5:     <%= csrf_meta_tags %>
     6:     <%= csp_meta_tag %>
     7: 
     8:     <%= stylesheet_link_tag    'application', media: 'all', 'data-turbolinks-track': 'reload' %>
     9:     <%= javascript_include_tag 'application', 'data-turbolinks-track': 'reload' %>
    10:   </head>
    11: 
  
app/assets/stylesheets/custom.scss:1
app/views/layouts/application.html.erb:8:in `_app_views_layouts_application_html_erb___1241369493247066760_14640'
Started GET "/" for ::1 at 2022-03-06 13:20:37 +0900
Processing by StaticPagesController#home as HTML
  Rendering static_pages/home.html.erb within layouts/application
  Rendered static_pages/home.html.erb within layouts/application (1.8ms)
Completed 500 Internal Server Error in 10ms (ActiveRecord: 0.0ms)


  
ActionView::Template::Error (File to import not found or unreadable: bootstrap-sprockets.
Load paths:
  /home/kameme/rails_tutorial/app/assets/config
  /home/kameme/rails_tutorial/app/assets/images
  /home/kameme/rails_tutorial/app/assets/javascripts
  /home/kameme/rails_tutorial/app/assets/stylesheets
  /home/kameme/.rbenv/versions/2.7.3/lib/ruby/gems/2.7.0/gems/coffee-rails-4.2.2/lib/assets/javascripts
  /home/kameme/.rbenv/versions/2.7.3/lib/ruby/gems/2.7.0/gems/actioncable-5.2.6.2/lib/assets/compiled
  /home/kameme/.rbenv/versions/2.7.3/lib/ruby/gems/2.7.0/gems/activestorage-5.2.6.2/app/assets/javascripts
  /home/kameme/.rbenv/versions/2.7.3/lib/ruby/gems/2.7.0/gems/actionview-5.2.6.2/lib/assets/compiled
  /home/kameme/.rbenv/versions/2.7.3/lib/ruby/gems/2.7.0/gems/turbolinks-source-5.2.0/lib/assets/javascripts
  /home/kameme/rails_tutorial/node_modules):
     5:     <%= csrf_meta_tags %>
     6:     <%= csp_meta_tag %>
     7: 
     8:     <%= stylesheet_link_tag    'application', media: 'all', 'data-turbolinks-track': 'reload' %>
     9:     <%= javascript_include_tag 'application', 'data-turbolinks-track': 'reload' %>
    10:   </head>
    11: 
  
app/assets/stylesheets/custom.scss:1
app/views/layouts/application.html.erb:8:in `_app_views_layouts_application_html_erb___1241369493247066760_15200'
Started GET "/" for ::1 at 2022-03-06 13:24:02 +0900
Processing by StaticPagesController#home as HTML
  Rendering static_pages/home.html.erb within layouts/application
  Rendered static_pages/home.html.erb within layouts/application (2.2ms)
Completed 500 Internal Server Error in 13ms (ActiveRecord: 0.0ms)


  
ActionView::Template::Error (File to import not found or unreadable: bootstrap.
Load paths:
  /home/kameme/rails_tutorial/app/assets/config
  /home/kameme/rails_tutorial/app/assets/images
  /home/kameme/rails_tutorial/app/assets/javascripts
  /home/kameme/rails_tutorial/app/assets/stylesheets
  /home/kameme/.rbenv/versions/2.7.3/lib/ruby/gems/2.7.0/gems/coffee-rails-4.2.2/lib/assets/javascripts
  /home/kameme/.rbenv/versions/2.7.3/lib/ruby/gems/2.7.0/gems/actioncable-5.2.6.2/lib/assets/compiled
  /home/kameme/.rbenv/versions/2.7.3/lib/ruby/gems/2.7.0/gems/activestorage-5.2.6.2/app/assets/javascripts
  /home/kameme/.rbenv/versions/2.7.3/lib/ruby/gems/2.7.0/gems/actionview-5.2.6.2/lib/assets/compiled
  /home/kameme/.rbenv/versions/2.7.3/lib/ruby/gems/2.7.0/gems/turbolinks-source-5.2.0/lib/assets/javascripts
  /home/kameme/rails_tutorial/node_modules):
     5:     <%= csrf_meta_tags %>
     6:     <%= csp_meta_tag %>
     7: 
     8:     <%= stylesheet_link_tag    'application', media: 'all', 'data-turbolinks-track': 'reload' %>
     9:     <%= javascript_include_tag 'application', 'data-turbolinks-track': 'reload' %>
    10:   </head>
    11: 
  
app/assets/stylesheets/custom.scss:1
app/views/layouts/application.html.erb:8:in `_app_views_layouts_application_html_erb___1241369493247066760_15740'
Started GET "/" for ::1 at 2022-03-06 13:24:49 +0900
Processing by StaticPagesController#home as HTML
  Rendering static_pages/home.html.erb within layouts/application
  Rendered static_pages/home.html.erb within layouts/application (4194.1ms)
Completed 200 OK in 4254ms (Views: 4249.3ms | ActiveRecord: 0.0ms)


Started GET "/" for ::1 at 2022-03-06 13:26:06 +0900
Processing by StaticPagesController#home as HTML
  Rendering static_pages/home.html.erb within layouts/application
  Rendered static_pages/home.html.erb within layouts/application (1.7ms)
Completed 200 OK in 1874ms (Views: 1873.3ms | ActiveRecord: 0.0ms)


Started GET "/" for ::1 at 2022-03-06 13:28:02 +0900
Processing by StaticPagesController#home as HTML
  Rendering static_pages/home.html.erb within layouts/application
  Rendered static_pages/home.html.erb within layouts/application (2.7ms)
Completed 200 OK in 2036ms (Views: 2035.4ms | ActiveRecord: 0.0ms)


Started GET "/" for ::1 at 2022-03-06 13:29:10 +0900
Processing by StaticPagesController#home as HTML
  Rendering static_pages/home.html.erb within layouts/application
  Rendered static_pages/home.html.erb within layouts/application (2.3ms)
Completed 200 OK in 1878ms (Views: 1877.3ms | ActiveRecord: 0.0ms)


Started GET "/" for ::1 at 2022-03-06 13:29:56 +0900
Processing by StaticPagesController#home as HTML
  Rendering static_pages/home.html.erb within layouts/application
  Rendered static_pages/home.html.erb within layouts/application (1.0ms)
Completed 500 Internal Server Error in 3ms (ActiveRecord: 0.0ms)


  
SyntaxError (/home/kameme/rails_tutorial/app/views/static_pages/home.html.erb:16: syntax error, unexpected `ensure', expecting ')'
          ensure
          ^~~~~~
/home/kameme/rails_tutorial/app/views/static_pages/home.html.erb:18: syntax error, unexpected `end', expecting ')'
          end
          ^~~
):
  
app/views/static_pages/home.html.erb:16: syntax error, unexpected `ensure', expecting ')'
app/views/static_pages/home.html.erb:18: syntax error, unexpected `end', expecting ')'
Started GET "/" for ::1 at 2022-03-06 13:30:14 +0900
Processing by StaticPagesController#home as HTML
  Rendering static_pages/home.html.erb within layouts/application
  Rendered static_pages/home.html.erb within layouts/application (2.1ms)
Completed 200 OK in 39ms (Views: 38.7ms | ActiveRecord: 0.0ms)


Started GET "/" for ::1 at 2022-03-06 13:30:50 +0900
Processing by StaticPagesController#home as HTML
  Rendering static_pages/home.html.erb within layouts/application
  Rendered static_pages/home.html.erb within layouts/application (1.6ms)
Completed 200 OK in 1862ms (Views: 1861.6ms | ActiveRecord: 0.0ms)


Started GET "/" for ::1 at 2022-03-06 13:38:46 +0900
Processing by StaticPagesController#home as HTML
  Rendering static_pages/home.html.erb within layouts/application
  Rendered static_pages/home.html.erb within layouts/application (1.5ms)
  Rendered layouts/_shim.html.erb (0.3ms)
  Rendered layouts/_header.html.erb (0.3ms)
Completed 200 OK in 46ms (Views: 45.0ms | ActiveRecord: 0.0ms)


Started GET "/" for ::1 at 2022-03-06 13:39:45 +0900
Processing by StaticPagesController#home as HTML
  Rendering static_pages/home.html.erb within layouts/application
  Rendered static_pages/home.html.erb within layouts/application (2.1ms)
  Rendered layouts/_shim.html.erb (0.3ms)
  Rendered layouts/_header.html.erb (0.4ms)
Completed 200 OK in 45ms (Views: 43.5ms | ActiveRecord: 0.0ms)


Started GET "/" for ::1 at 2022-03-06 13:39:47 +0900
Processing by StaticPagesController#home as HTML
  Rendering static_pages/home.html.erb within layouts/application
  Rendered static_pages/home.html.erb within layouts/application (2.8ms)
  Rendered layouts/_shim.html.erb (0.2ms)
  Rendered layouts/_header.html.erb (0.4ms)
Completed 200 OK in 42ms (Views: 41.1ms | ActiveRecord: 0.0ms)


Started GET "/" for ::1 at 2022-03-06 13:40:37 +0900
Processing by StaticPagesController#home as HTML
  Rendering static_pages/home.html.erb within layouts/application
  Rendered static_pages/home.html.erb within layouts/application (1.4ms)
  Rendered layouts/_shim.html.erb (0.2ms)
  Rendered layouts/_header.html.erb (0.3ms)
  Rendered layouts/_footer.html.erb (0.3ms)
Completed 200 OK in 1888ms (Views: 1887.7ms | ActiveRecord: 0.0ms)


Started GET "/" for ::1 at 2022-03-06 13:43:21 +0900
Processing by StaticPagesController#home as HTML
  Rendering static_pages/home.html.erb within layouts/application
  Rendered static_pages/home.html.erb within layouts/application (1.0ms)
  Rendered layouts/_shim.html.erb (0.3ms)
  Rendered layouts/_title.html.erb (25.3ms)
  Rendered layouts/_header.html.erb (0.6ms)
  Rendered layouts/_footer.html.erb (0.5ms)
Completed 200 OK in 31ms (Views: 30.4ms | ActiveRecord: 0.0ms)


Started GET "/" for ::1 at 2022-03-06 13:45:52 +0900
Processing by StaticPagesController#home as HTML
  Rendering static_pages/home.html.erb within layouts/application
  Rendered static_pages/home.html.erb within layouts/application (1.5ms)
  Rendered layouts/_shim.html.erb (0.2ms)
  Rendered layouts/_title.html.erb (33.2ms)
  Rendered layouts/_header.html.erb (0.3ms)
  Rendered layouts/_footer.html.erb (0.2ms)
Completed 200 OK in 38ms (Views: 37.7ms | ActiveRecord: 0.0ms)


Started GET "/" for ::1 at 2022-03-06 13:51:06 +0900
  
SyntaxError (/home/kameme/rails_tutorial/app/controllers/application_controller.rb:6: syntax error, unexpected symbol literal, expecting ')'
  def full_title(:title)
                 ^
/home/kameme/rails_tutorial/app/controllers/application_controller.rb:14: syntax error, unexpected `end', expecting end-of-input):
  
app/controllers/application_controller.rb:6: syntax error, unexpected symbol literal, expecting ')'
app/controllers/application_controller.rb:14: syntax error, unexpected `end', expecting end-of-input
app/controllers/static_pages_controller.rb:1:in `<main>'
Started GET "/" for ::1 at 2022-03-06 13:51:31 +0900
Processing by StaticPagesController#home as HTML
  Rendering static_pages/home.html.erb within layouts/application
  Rendered static_pages/home.html.erb within layouts/application (1.2ms)
  Rendered layouts/_title.html.erb (82.2ms)
Completed 500 Internal Server Error in 86ms (ActiveRecord: 0.0ms)


  
ActionView::Template::Error (undefined method `full_title' for #<#<Class:0x00007f8ea345b6e8>:0x00007f8ea3459230>):
    1: 
    2:   <head>
    3:     <title><%= full_title(yield(:title)) %></title>
    4:     <%= csrf_meta_tags %>
    5:     <%= csp_meta_tag %>
    6: 
  
app/views/layouts/_title.html.erb:3:in `_app_views_layouts__title_html_erb___3276863981067238910_28240'
app/views/layouts/application.html.erb:3:in `_app_views_layouts_application_html_erb___1642890698536880300_28220'
Started GET "/" for ::1 at 2022-03-06 13:52:08 +0900
Processing by StaticPagesController#home as HTML
  Rendering static_pages/home.html.erb within layouts/application
  Rendered static_pages/home.html.erb within layouts/application (3.1ms)
  Rendered layouts/_title.html.erb (0.9ms)
Completed 500 Internal Server Error in 8ms (ActiveRecord: 0.0ms)


  
SyntaxError (/home/kameme/rails_tutorial/app/views/layouts/_title.html.erb:12: syntax error, unexpected `ensure', expecting ')'
          ensure
          ^~~~~~
/home/kameme/rails_tutorial/app/views/layouts/_title.html.erb:14: syntax error, unexpected `end', expecting ')'
          end
          ^~~
):
  
app/views/layouts/_title.html.erb:12: syntax error, unexpected `ensure', expecting ')'
app/views/layouts/_title.html.erb:14: syntax error, unexpected `end', expecting ')'
app/views/layouts/application.html.erb:3:in `_app_views_layouts_application_html_erb___1642890698536880300_28920'
Started GET "/" for ::1 at 2022-03-06 13:52:30 +0900
Processing by StaticPagesController#home as HTML
  Rendering static_pages/home.html.erb within layouts/application
  Rendered static_pages/home.html.erb within layouts/application (1.6ms)
  Rendered layouts/_shim.html.erb (0.2ms)
  Rendered layouts/_title.html.erb (34.1ms)
  Rendered layouts/_header.html.erb (0.5ms)
  Rendered layouts/_footer.html.erb (0.5ms)
Completed 200 OK in 41ms (Views: 40.3ms | ActiveRecord: 0.0ms)


Started GET "/" for ::1 at 2022-03-06 13:53:06 +0900
Processing by StaticPagesController#home as HTML
  Rendering static_pages/home.html.erb within layouts/application
  Rendered static_pages/home.html.erb within layouts/application (1.1ms)
  Rendered layouts/_title.html.erb (1.3ms)
Completed 500 Internal Server Error in 5ms (ActiveRecord: 0.0ms)


  
SyntaxError (/home/kameme/rails_tutorial/app/views/layouts/_title.html.erb:9: unknown regexp option - h
...r.append=( render 'layouts/shim' );@output_buffer.safe_appen...
...                          ^~~~~
/home/kameme/rails_tutorial/app/views/layouts/_title.html.erb:9: unmatched close parenthesis: /title>
    <%= csrf_meta_tags );@output_buffer.safe_append='
'.freeze;@output_buffer.safe_append='    '.freeze;@output_buffer.append=( csp_meta_tag );@output_buffer.safe_append='
'.freeze;@output_buffer.safe_append='
    '.freeze;@output_buffer.append=( stylesheet_link_tag    'application', media: 'all', 'data-turbolinks-track': 'reload' );@output_buffer.safe_append='
'.freeze;@output_buffer.safe_append='    '.freeze;@output_buffer.append=( javascript_include_tag 'application', 'data-turbolinks-track': 'reload' );@output_buffer.safe_append='
'.freeze;@output_buffer.safe_append='    '.freeze;@output_buffer.append=( render 'layouts/mi
/home/kameme/rails_tutorial/app/views/layouts/_title.html.erb:9: syntax error, unexpected string literal, expecting ')'
....append=( render 'layouts/shim' );@output_buffer.safe_append...
...                              ^
/home/kameme/rails_tutorial/app/views/layouts/_title.html.erb:14: unterminated regexp meets end of file
          end
             ^
/home/kameme/rails_tutorial/app/views/layouts/_title.html.erb:14: syntax error, unexpected end-of-input, expecting ')'):
  
app/views/layouts/_title.html.erb:9: unknown regexp option - h
app/views/layouts/_title.html.erb:9: unmatched close parenthesis: /title>
app/views/layouts/_title.html.erb:9: syntax error, unexpected string literal, expecting ')'
app/views/layouts/_title.html.erb:14: unterminated regexp meets end of file
app/views/layouts/_title.html.erb:14: syntax error, unexpected end-of-input, expecting ')'
app/views/layouts/application.html.erb:3:in `_app_views_layouts_application_html_erb___1642890698536880300_29640'
Started GET "/" for ::1 at 2022-03-06 13:53:44 +0900
Processing by StaticPagesController#home as HTML
  Rendering static_pages/home.html.erb within layouts/application
  Rendered static_pages/home.html.erb within layouts/application (1.3ms)
  Rendered layouts/_title.html.erb (95.4ms)
Completed 500 Internal Server Error in 99ms (ActiveRecord: 0.0ms)


  
ActionView::Template::Error (undefined method `full_title' for #<#<Class:0x00007f8ea345b6e8>:0x00007f8ea36aac50>):
    1: 
    2:   <head>
    3:     <title><%= full_title(yield(:title)) %></title>
    4:     <%= csrf_meta_tags %>
    5:     <%= csp_meta_tag %>
    6: 
  
app/views/layouts/_title.html.erb:3:in `_app_views_layouts__title_html_erb___3276863981067238910_30220'
app/views/layouts/application.html.erb:3:in `_app_views_layouts_application_html_erb___1642890698536880300_30200'
Started GET "/" for ::1 at 2022-03-06 13:54:21 +0900
Processing by StaticPagesController#home as HTML
  Rendering static_pages/home.html.erb within layouts/application
  Rendered static_pages/home.html.erb within layouts/application (2.5ms)
  Rendered layouts/_title.html.erb (4.9ms)
Completed 500 Internal Server Error in 13ms (ActiveRecord: 0.0ms)


  
ActionView::Template::Error (undefined method `full_title' for "Home":ActiveSupport::SafeBuffer):
    1: 
    2:   <head>
    3:     <title><%= yield(:title).full_title %></title>
    4:     <%= csrf_meta_tags %>
    5:     <%= csp_meta_tag %>
    6: 
  
app/views/layouts/_title.html.erb:3:in `_app_views_layouts__title_html_erb___3276863981067238910_30820'
app/views/layouts/application.html.erb:3:in `_app_views_layouts_application_html_erb___1642890698536880300_30800'
Started GET "/" for ::1 at 2022-03-06 13:54:45 +0900
Processing by StaticPagesController#home as HTML
  Rendering static_pages/home.html.erb within layouts/application
  Rendered static_pages/home.html.erb within layouts/application (1.8ms)
  Rendered layouts/_title.html.erb (84.1ms)
Completed 500 Internal Server Error in 89ms (ActiveRecord: 0.0ms)


  
ActionView::Template::Error (undefined method `full_title' for #<#<Class:0x00007f8ea345b6e8>:0x00007f8ea31c8340>):
    1: 
    2:   <head>
    3:     <title><%= full_title(yield(:title)) %></title>
    4:     <%= csrf_meta_tags %>
    5:     <%= csp_meta_tag %>
    6: 
  
app/views/layouts/_title.html.erb:3:in `_app_views_layouts__title_html_erb___3276863981067238910_31400'
app/views/layouts/application.html.erb:3:in `_app_views_layouts_application_html_erb___1642890698536880300_31380'
Started GET "/" for ::1 at 2022-03-06 13:55:08 +0900
Processing by StaticPagesController#home as HTML
  Rendering static_pages/home.html.erb within layouts/application
  Rendered static_pages/home.html.erb within layouts/application (1.6ms)
  Rendered layouts/_title.html.erb (95.4ms)
Completed 500 Internal Server Error in 101ms (ActiveRecord: 0.0ms)


  
ActionView::Template::Error (undefined method `full_title' for #<#<Class:0x00007f8ea345b6e8>:0x00007f8ea8ed38c8>):
    1: 
    2:   <head>
    3:     <title><%= full_title("Home") %></title>
    4:     <%= csrf_meta_tags %>
    5:     <%= csp_meta_tag %>
    6: 
  
app/views/layouts/_title.html.erb:3:in `_app_views_layouts__title_html_erb___3276863981067238910_32000'
app/views/layouts/application.html.erb:3:in `_app_views_layouts_application_html_erb___1642890698536880300_31980'
Started GET "/" for ::1 at 2022-03-06 13:55:30 +0900
Processing by StaticPagesController#home as HTML
  Rendering static_pages/home.html.erb within layouts/application
  Rendered static_pages/home.html.erb within layouts/application (2.7ms)
  Rendered layouts/_title.html.erb (78.9ms)
Completed 500 Internal Server Error in 88ms (ActiveRecord: 0.0ms)


  
ActionView::Template::Error (undefined method `full_title' for #<#<Class:0x00007f8ea24c6688>:0x00007f8ea24c4db0>):
    1: 
    2:   <head>
    3:     <title><%= full_title(yield(:title)) %></title>
    4:     <%= csrf_meta_tags %>
    5:     <%= csp_meta_tag %>
    6: 
  
app/views/layouts/_title.html.erb:3:in `_app_views_layouts__title_html_erb___3276863981067238910_34280'
app/views/layouts/application.html.erb:3:in `_app_views_layouts_application_html_erb___1642890698536880300_34260'
Started GET "/" for ::1 at 2022-03-06 13:57:37 +0900
Processing by StaticPagesController#home as HTML
  Rendering static_pages/home.html.erb within layouts/application
  Rendered static_pages/home.html.erb within layouts/application (1.6ms)
  Rendered layouts/_shim.html.erb (0.9ms)
  Rendered layouts/_title.html.erb (26.3ms)
  Rendered layouts/_header.html.erb (0.8ms)
  Rendered layouts/_footer.html.erb (0.4ms)
Completed 200 OK in 35ms (Views: 33.4ms | ActiveRecord: 0.0ms)


Started GET "/" for ::1 at 2022-03-06 14:01:04 +0900
Processing by StaticPagesController#home as HTML
  Rendering static_pages/home.html.erb within layouts/application
  Rendered static_pages/home.html.erb within layouts/application (2.3ms)
  Rendered layouts/_title.html.erb (27.7ms)
  Rendered layouts/_shim.html.erb (0.5ms)
  Rendered layouts/_header.html.erb (0.7ms)
  Rendered layouts/_footer.html.erb (0.3ms)
Completed 200 OK in 37ms (Views: 36.0ms | ActiveRecord: 0.0ms)


Started GET "/" for ::1 at 2022-03-06 14:13:46 +0900
Processing by StaticPagesController#home as HTML
  Rendering static_pages/home.html.erb within layouts/application
  Rendered static_pages/home.html.erb within layouts/application (1.2ms)
  Rendered layouts/_title.html.erb (1845.8ms)
  Rendered layouts/_shim.html.erb (0.2ms)
  Rendered layouts/_header.html.erb (0.4ms)
  Rendered layouts/_footer.html.erb (0.4ms)
Completed 200 OK in 1852ms (Views: 1851.3ms | ActiveRecord: 0.0ms)


Started GET "/" for ::1 at 2022-03-06 14:15:38 +0900
Processing by StaticPagesController#home as HTML
  Rendering static_pages/home.html.erb within layouts/application
  Rendered static_pages/home.html.erb within layouts/application (1.2ms)
  Rendered layouts/_title.html.erb (25.4ms)
  Rendered layouts/_shim.html.erb (0.4ms)
  Rendered layouts/_header.html.erb (141.5ms)
Completed 500 Internal Server Error in 174ms (ActiveRecord: 0.0ms)


  
ActionView::Template::Error (undefined local variable or method `home_path' for #<#<Class:0x00007f8ea8e12830>:0x00007f8ea36bcc98>):
    1: <header class="navbar navbar-fixed-top navbar-inverse">
    2:   <div class="container">
    3:     <%= link_to "sample app", home_path, id: "logo" %>
    4:     <nav>
    5:       <ul class="nav navbar-nav navbar-right">
    6:         <li><%= link_to "About",   about_path %></li>
  
app/views/layouts/_header.html.erb:3:in `_app_views_layouts__header_html_erb___4189493755835914643_38560'
app/views/layouts/application.html.erb:10:in `_app_views_layouts_application_html_erb___1642890698536880300_38500'
Started GET "/" for ::1 at 2022-03-06 14:16:30 +0900
Processing by StaticPagesController#home as HTML
  Rendering static_pages/home.html.erb within layouts/application
  Rendered static_pages/home.html.erb within layouts/application (1.3ms)
  Rendered layouts/_title.html.erb (27.1ms)
  Rendered layouts/_shim.html.erb (0.3ms)
  Rendered layouts/_header.html.erb (146.1ms)
Completed 500 Internal Server Error in 179ms (ActiveRecord: 0.0ms)


  
ActionView::Template::Error (undefined local variable or method `about_path' for #<#<Class:0x00007f8ea8e12830>:0x00007f8ea3327308>):
    3:     <%= link_to "sample app", '#', id: "logo" %>
    4:     <nav>
    5:       <ul class="nav navbar-nav navbar-right">
    6:         <li><%= link_to "About",   about_path %></li>
    7:         <li><%= link_to "Help",   help_path %></li>
    8:         <li><%= link_to "Log in", '#' %></li>
    9:       </ul>
  
app/views/layouts/_header.html.erb:6:in `_app_views_layouts__header_html_erb___4189493755835914643_39200'
app/views/layouts/application.html.erb:10:in `_app_views_layouts_application_html_erb___1642890698536880300_39140'
Started GET "/" for ::1 at 2022-03-06 14:21:52 +0900
Processing by StaticPagesController#home as HTML
  Rendering static_pages/home.html.erb within layouts/application
  Rendered static_pages/home.html.erb within layouts/application (1.5ms)
  Rendered layouts/_title.html.erb (41.5ms)
  Rendered layouts/_shim.html.erb (0.6ms)
  Rendered layouts/_header.html.erb (254.7ms)
Completed 500 Internal Server Error in 302ms (ActiveRecord: 0.0ms)


  
ActionView::Template::Error (undefined local variable or method `static_pages_home' for #<#<Class:0x00007f8ea8e12830>:0x00007f8ea1a58ca0>
Did you mean?  static_pages_home_url
               static_pages_home_path):
    1: <header class="navbar navbar-fixed-top navbar-inverse">
    2:   <div class="container">
    3:     <%= link_to "sample app", static_pages_home, id: "logo" %>
    4:     <nav>
    5:       <ul class="nav navbar-nav navbar-right">
    6:         <li><%= link_to "About",   static_pages_about %></li>
  
app/views/layouts/_header.html.erb:3:in `_app_views_layouts__header_html_erb___4189493755835914643_39860'
app/views/layouts/application.html.erb:10:in `_app_views_layouts_application_html_erb___1642890698536880300_39800'
Started GET "/" for ::1 at 2022-03-06 14:23:54 +0900
Processing by StaticPagesController#home as HTML
  Rendering static_pages/home.html.erb within layouts/application
  Rendered static_pages/home.html.erb within layouts/application (1.8ms)
  Rendered layouts/_title.html.erb (26.0ms)
  Rendered layouts/_shim.html.erb (0.2ms)
  Rendered layouts/_header.html.erb (0.6ms)
  Rendered layouts/_footer.html.erb (0.3ms)
Completed 200 OK in 34ms (Views: 32.9ms | ActiveRecord: 0.0ms)


Started GET "/" for ::1 at 2022-03-06 14:24:05 +0900
Processing by StaticPagesController#home as HTML
  Rendering static_pages/home.html.erb within layouts/application
  Rendered static_pages/home.html.erb within layouts/application (2.5ms)
  Rendered layouts/_title.html.erb (30.0ms)
  Rendered layouts/_shim.html.erb (0.2ms)
  Rendered layouts/_header.html.erb (0.5ms)
  Rendered layouts/_footer.html.erb (0.5ms)
Completed 200 OK in 39ms (Views: 37.7ms | ActiveRecord: 0.0ms)


Started GET "/" for ::1 at 2022-03-06 14:24:10 +0900
Processing by StaticPagesController#home as HTML
  Rendering static_pages/home.html.erb within layouts/application
  Rendered static_pages/home.html.erb within layouts/application (1.8ms)
  Rendered layouts/_title.html.erb (29.0ms)
  Rendered layouts/_shim.html.erb (0.4ms)
  Rendered layouts/_header.html.erb (0.4ms)
  Rendered layouts/_footer.html.erb (0.3ms)
Completed 200 OK in 37ms (Views: 36.3ms | ActiveRecord: 0.0ms)


Started GET "/static_pages/about" for ::1 at 2022-03-06 14:24:17 +0900
Processing by StaticPagesController#about as HTML
  Rendering static_pages/about.html.erb within layouts/application
  Rendered static_pages/about.html.erb within layouts/application (0.4ms)
  Rendered layouts/_title.html.erb (26.0ms)
  Rendered layouts/_shim.html.erb (0.2ms)
  Rendered layouts/_header.html.erb (0.6ms)
  Rendered layouts/_footer.html.erb (0.3ms)
Completed 200 OK in 31ms (Views: 30.6ms | ActiveRecord: 0.0ms)


Started GET "/static_pages/home" for ::1 at 2022-03-06 14:24:21 +0900
Processing by StaticPagesController#home as HTML
  Rendering static_pages/home.html.erb within layouts/application
  Rendered static_pages/home.html.erb within layouts/application (1.3ms)
  Rendered layouts/_title.html.erb (24.9ms)
  Rendered layouts/_shim.html.erb (0.3ms)
  Rendered layouts/_header.html.erb (0.9ms)
  Rendered layouts/_footer.html.erb (0.3ms)
Completed 200 OK in 33ms (Views: 32.1ms | ActiveRecord: 0.0ms)


Started GET "/static_pages/help" for ::1 at 2022-03-06 14:24:23 +0900
Processing by StaticPagesController#help as HTML
  Rendering static_pages/help.html.erb within layouts/application
  Rendered static_pages/help.html.erb within layouts/application (0.6ms)
  Rendered layouts/_title.html.erb (34.2ms)
  Rendered layouts/_shim.html.erb (0.3ms)
  Rendered layouts/_header.html.erb (0.6ms)
  Rendered layouts/_footer.html.erb (0.4ms)
Completed 200 OK in 42ms (Views: 40.4ms | ActiveRecord: 0.0ms)


Started GET "/static_pages/home" for ::1 at 2022-03-06 14:24:24 +0900
Processing by StaticPagesController#home as HTML
  Rendering static_pages/home.html.erb within layouts/application
  Rendered static_pages/home.html.erb within layouts/application (2.2ms)
  Rendered layouts/_title.html.erb (25.8ms)
  Rendered layouts/_shim.html.erb (0.3ms)
  Rendered layouts/_header.html.erb (0.5ms)
  Rendered layouts/_footer.html.erb (0.3ms)
Completed 200 OK in 34ms (Views: 33.0ms | ActiveRecord: 0.0ms)


Started GET "/static_pages/home" for ::1 at 2022-03-06 14:31:21 +0900
  
ActionController::RoutingError (No route matches [GET] "/static_pages/home"):
  
actionpack (5.2.6.2) lib/action_dispatch/middleware/debug_exceptions.rb:65:in `call'
web-console (3.7.0) lib/web_console/middleware.rb:135:in `call_app'
web-console (3.7.0) lib/web_console/middleware.rb:30:in `block in call'
web-console (3.7.0) lib/web_console/middleware.rb:20:in `catch'
web-console (3.7.0) lib/web_console/middleware.rb:20:in `call'
actionpack (5.2.6.2) lib/action_dispatch/middleware/show_exceptions.rb:33:in `call'
railties (5.2.6.2) lib/rails/rack/logger.rb:38:in `call_app'
railties (5.2.6.2) lib/rails/rack/logger.rb:26:in `block in call'
activesupport (5.2.6.2) lib/active_support/tagged_logging.rb:71:in `block in tagged'
activesupport (5.2.6.2) lib/active_support/tagged_logging.rb:28:in `tagged'
activesupport (5.2.6.2) lib/active_support/tagged_logging.rb:71:in `tagged'
railties (5.2.6.2) lib/rails/rack/logger.rb:26:in `call'
sprockets-rails (3.4.2) lib/sprockets/rails/quiet_assets.rb:13:in `call'
actionpack (5.2.6.2) lib/action_dispatch/middleware/remote_ip.rb:81:in `call'
actionpack (5.2.6.2) lib/action_dispatch/middleware/request_id.rb:27:in `call'
rack (2.2.3) lib/rack/method_override.rb:24:in `call'
rack (2.2.3) lib/rack/runtime.rb:22:in `call'
activesupport (5.2.6.2) lib/active_support/cache/strategy/local_cache_middleware.rb:29:in `call'
actionpack (5.2.6.2) lib/action_dispatch/middleware/executor.rb:14:in `call'
actionpack (5.2.6.2) lib/action_dispatch/middleware/static.rb:127:in `call'
rack (2.2.3) lib/rack/sendfile.rb:110:in `call'
railties (5.2.6.2) lib/rails/engine.rb:524:in `call'
puma (3.12.6) lib/puma/configuration.rb:227:in `call'
puma (3.12.6) lib/puma/server.rb:706:in `handle_request'
puma (3.12.6) lib/puma/server.rb:476:in `process_client'
puma (3.12.6) lib/puma/server.rb:334:in `block in run'
puma (3.12.6) lib/puma/thread_pool.rb:135:in `block in spawn_thread'
Started GET "/" for ::1 at 2022-03-06 14:31:33 +0900
Processing by StaticPagesController#home as HTML
  Rendering static_pages/home.html.erb within layouts/application
  Rendered static_pages/home.html.erb within layouts/application (2.4ms)
  Rendered layouts/_title.html.erb (25.2ms)
  Rendered layouts/_shim.html.erb (0.2ms)
  Rendered layouts/_header.html.erb (0.4ms)
  Rendered layouts/_footer.html.erb (0.4ms)
Completed 200 OK in 35ms (Views: 33.9ms | ActiveRecord: 0.0ms)


Started GET "/about" for ::1 at 2022-03-06 14:31:36 +0900
Processing by StaticPagesController#about as HTML
  Rendering static_pages/about.html.erb within layouts/application
  Rendered static_pages/about.html.erb within layouts/application (0.6ms)
  Rendered layouts/_title.html.erb (24.4ms)
  Rendered layouts/_shim.html.erb (0.3ms)
  Rendered layouts/_header.html.erb (0.6ms)
  Rendered layouts/_footer.html.erb (0.4ms)
Completed 200 OK in 33ms (Views: 31.7ms | ActiveRecord: 0.0ms)


Started GET "/help" for ::1 at 2022-03-06 14:31:38 +0900
Processing by StaticPagesController#help as HTML
  Rendering static_pages/help.html.erb within layouts/application
  Rendered static_pages/help.html.erb within layouts/application (0.7ms)
  Rendered layouts/_title.html.erb (25.0ms)
  Rendered layouts/_shim.html.erb (0.2ms)
  Rendered layouts/_header.html.erb (0.6ms)
  Rendered layouts/_footer.html.erb (0.2ms)
Completed 200 OK in 32ms (Views: 31.0ms | ActiveRecord: 0.0ms)


Started GET "/about" for ::1 at 2022-03-06 14:31:40 +0900
Processing by StaticPagesController#about as HTML
  Rendering static_pages/about.html.erb within layouts/application
  Rendered static_pages/about.html.erb within layouts/application (0.6ms)
  Rendered layouts/_title.html.erb (25.9ms)
  Rendered layouts/_shim.html.erb (0.4ms)
  Rendered layouts/_header.html.erb (0.8ms)
  Rendered layouts/_footer.html.erb (0.4ms)
Completed 200 OK in 35ms (Views: 33.8ms | ActiveRecord: 0.0ms)


Started GET "/" for ::1 at 2022-03-06 14:33:09 +0900
Processing by StaticPagesController#home as HTML
  Rendering static_pages/home.html.erb within layouts/application
  Rendered static_pages/home.html.erb within layouts/application (1.5ms)
  Rendered layouts/_title.html.erb (25.2ms)
  Rendered layouts/_shim.html.erb (0.2ms)
  Rendered layouts/_header.html.erb (0.6ms)
  Rendered layouts/_footer.html.erb (0.3ms)
Completed 200 OK in 33ms (Views: 31.2ms | ActiveRecord: 0.0ms)


Started GET "/contact" for ::1 at 2022-03-06 14:33:11 +0900
Processing by StaticPagesController#contact as HTML
  Rendering static_pages/contact.html.erb within layouts/application
  Rendered static_pages/contact.html.erb within layouts/application (0.4ms)
  Rendered layouts/_title.html.erb (25.1ms)
  Rendered layouts/_shim.html.erb (0.2ms)
  Rendered layouts/_header.html.erb (0.4ms)
  Rendered layouts/_footer.html.erb (0.3ms)
Completed 200 OK in 32ms (Views: 30.9ms | ActiveRecord: 0.0ms)


Started GET "/about" for ::1 at 2022-03-06 14:33:12 +0900
Processing by StaticPagesController#about as HTML
  Rendering static_pages/about.html.erb within layouts/application
  Rendered static_pages/about.html.erb within layouts/application (0.6ms)
  Rendered layouts/_title.html.erb (33.6ms)
  Rendered layouts/_shim.html.erb (0.3ms)
  Rendered layouts/_header.html.erb (0.4ms)
  Rendered layouts/_footer.html.erb (0.5ms)
Completed 200 OK in 41ms (Views: 39.9ms | ActiveRecord: 0.0ms)


Started GET "/" for ::1 at 2022-03-06 14:33:14 +0900
Processing by StaticPagesController#home as HTML
  Rendering static_pages/home.html.erb within layouts/application
  Rendered static_pages/home.html.erb within layouts/application (2.3ms)
  Rendered layouts/_title.html.erb (30.7ms)
  Rendered layouts/_shim.html.erb (0.4ms)
  Rendered layouts/_header.html.erb (1.7ms)
  Rendered layouts/_footer.html.erb (0.8ms)
Completed 200 OK in 43ms (Views: 41.6ms | ActiveRecord: 0.0ms)


Started GET "/" for ::1 at 2022-03-06 14:37:46 +0900
Processing by StaticPagesController#home as HTML
  Rendering static_pages/home.html.erb within layouts/application
  Rendered static_pages/home.html.erb within layouts/application (1.9ms)
  Rendered layouts/_title.html.erb (26.9ms)
  Rendered layouts/_shim.html.erb (0.3ms)
  Rendered layouts/_header.html.erb (155.3ms)
Completed 500 Internal Server Error in 189ms (ActiveRecord: 0.0ms)


  
ActionView::Template::Error (undefined local variable or method `home_path' for #<#<Class:0x00007f8ea91e73c0>:0x00007f8ea91e5ac0>
Did you mean?  helf_path):
    3:     <%= link_to "sample app", root_path , id: "logo" %>
    4:     <nav>
    5:       <ul class="nav navbar-nav navbar-right">
    6:         <li><%= link_to "Home",   home_path %></li>
    7:         <li><%= link_to "Help",    help_path %></li>
    8:         <li><%= link_to "Log in", '#' %></li>
    9:       </ul>
  
app/views/layouts/_header.html.erb:6:in `_app_views_layouts__header_html_erb___4189493755835914643_46300'
app/views/layouts/application.html.erb:10:in `_app_views_layouts_application_html_erb___1642890698536880300_46240'
Started GET "/" for ::1 at 2022-03-06 14:38:04 +0900
Processing by StaticPagesController#home as HTML
  Rendering static_pages/home.html.erb within layouts/application
  Rendered static_pages/home.html.erb within layouts/application (3.1ms)
  Rendered layouts/_title.html.erb (30.7ms)
  Rendered layouts/_shim.html.erb (0.3ms)
  Rendered layouts/_header.html.erb (132.1ms)
Completed 500 Internal Server Error in 172ms (ActiveRecord: 0.0ms)


  
ActionView::Template::Error (undefined local variable or method `help_path' for #<#<Class:0x00007f8ea91e73c0>:0x00007f8ea962ea00>
Did you mean?  helf_path):
    4:     <nav>
    5:       <ul class="nav navbar-nav navbar-right">
    6:         <li><%= link_to "Home",   root_path %></li>
    7:         <li><%= link_to "Help",    help_path %></li>
    8:         <li><%= link_to "Log in", '#' %></li>
    9:       </ul>
   10:     </nav>
  
app/views/layouts/_header.html.erb:7:in `_app_views_layouts__header_html_erb___4189493755835914643_46940'
app/views/layouts/application.html.erb:10:in `_app_views_layouts_application_html_erb___1642890698536880300_46880'
Started GET "/" for ::1 at 2022-03-06 14:38:32 +0900
Processing by StaticPagesController#home as HTML
  Rendering static_pages/home.html.erb within layouts/application
  Rendered static_pages/home.html.erb within layouts/application (1.5ms)
  Rendered layouts/_title.html.erb (25.9ms)
  Rendered layouts/_shim.html.erb (0.2ms)
  Rendered layouts/_header.html.erb (0.5ms)
  Rendered layouts/_footer.html.erb (0.4ms)
Completed 200 OK in 33ms (Views: 31.8ms | ActiveRecord: 0.0ms)


Started GET "/" for ::1 at 2022-03-06 14:56:47 +0900
Processing by StaticPagesController#home as HTML
  Rendering static_pages/home.html.erb within layouts/application
  Rendered static_pages/home.html.erb within layouts/application (1.7ms)
  Rendered layouts/_title.html.erb (744.0ms)
  Rendered layouts/_shim.html.erb (0.3ms)
  Rendered layouts/_header.html.erb (0.4ms)
  Rendered layouts/_footer.html.erb (0.3ms)
Completed 200 OK in 751ms (Views: 750.5ms | ActiveRecord: 0.0ms)


Started GET "/signup" for ::1 at 2022-03-06 14:56:51 +0900
Processing by UsersController#new as HTML
  Rendering users/new.html.erb within layouts/application
  Rendered users/new.html.erb within layouts/application (0.6ms)
  Rendered layouts/_title.html.erb (27.3ms)
  Rendered layouts/_shim.html.erb (0.4ms)
  Rendered layouts/_header.html.erb (0.5ms)
  Rendered layouts/_footer.html.erb (0.6ms)
Completed 200 OK in 37ms (Views: 34.7ms | ActiveRecord: 0.0ms)


Started GET "/" for ::1 at 2022-03-06 14:56:55 +0900
Processing by StaticPagesController#home as HTML
  Rendering static_pages/home.html.erb within layouts/application
  Rendered static_pages/home.html.erb within layouts/application (2.2ms)
  Rendered layouts/_title.html.erb (35.2ms)
  Rendered layouts/_shim.html.erb (0.3ms)
  Rendered layouts/_header.html.erb (0.7ms)
  Rendered layouts/_footer.html.erb (0.5ms)
Completed 200 OK in 45ms (Views: 43.6ms | ActiveRecord: 0.0ms)


Started GET "/signup" for ::1 at 2022-03-06 14:56:58 +0900
Processing by UsersController#new as HTML
  Rendering users/new.html.erb within layouts/application
  Rendered users/new.html.erb within layouts/application (0.8ms)
  Rendered layouts/_title.html.erb (36.8ms)
  Rendered layouts/_shim.html.erb (0.3ms)
  Rendered layouts/_header.html.erb (0.5ms)
  Rendered layouts/_footer.html.erb (0.3ms)
Completed 200 OK in 46ms (Views: 44.3ms | ActiveRecord: 0.0ms)


Started GET "/" for ::1 at 2022-03-06 14:56:59 +0900
Processing by StaticPagesController#home as HTML
  Rendering static_pages/home.html.erb within layouts/application
  Rendered static_pages/home.html.erb within layouts/application (2.6ms)
  Rendered layouts/_title.html.erb (39.0ms)
  Rendered layouts/_shim.html.erb (0.2ms)
  Rendered layouts/_header.html.erb (0.4ms)
  Rendered layouts/_footer.html.erb (0.5ms)
Completed 200 OK in 49ms (Views: 47.1ms | ActiveRecord: 0.0ms)


Started GET "/help" for ::1 at 2022-03-06 14:57:00 +0900
Processing by StaticPagesController#help as HTML
  Rendering static_pages/help.html.erb within layouts/application
  Rendered static_pages/help.html.erb within layouts/application (0.8ms)
  Rendered layouts/_title.html.erb (34.2ms)
  Rendered layouts/_shim.html.erb (0.3ms)
  Rendered layouts/_header.html.erb (0.6ms)
  Rendered layouts/_footer.html.erb (0.4ms)
Completed 200 OK in 42ms (Views: 40.5ms | ActiveRecord: 0.0ms)


Started GET "/" for ::1 at 2022-03-06 14:57:02 +0900
Processing by StaticPagesController#home as HTML
  Rendering static_pages/home.html.erb within layouts/application
  Rendered static_pages/home.html.erb within layouts/application (3.3ms)
  Rendered layouts/_title.html.erb (37.8ms)
  Rendered layouts/_shim.html.erb (0.2ms)
  Rendered layouts/_header.html.erb (0.5ms)
  Rendered layouts/_footer.html.erb (0.3ms)
Completed 200 OK in 48ms (Views: 46.8ms | ActiveRecord: 0.0ms)


Started GET "/signup" for ::1 at 2022-03-06 14:58:44 +0900
Processing by UsersController#new as HTML
  Rendering users/new.html.erb within layouts/application
  Rendered users/new.html.erb within layouts/application (0.3ms)
  Rendered layouts/_title.html.erb (30.6ms)
  Rendered layouts/_shim.html.erb (0.3ms)
  Rendered layouts/_header.html.erb (0.8ms)
  Rendered layouts/_footer.html.erb (0.4ms)
Completed 200 OK in 38ms (Views: 36.9ms | ActiveRecord: 0.0ms)


